<?xml version="1.0" encoding="UTF-8"?>
<robot generator="Robot 4.1.1 (Python 3.10.0 on darwin)" generated="20211021 15:36:24.539" rpa="false" schemaversion="2">
<suite id="s1" name="TC001 GetRequest" source="/Users/annickam/PycharmProjects/APIAutomationRobot/Testcases/TC001_GetRequest.robot">
<test id="s1-t1" name="TC_001_Get_Request_Fetch_Status_Code">
<kw name="Create Session" library="RequestsLibrary">
<arg>Api_Testing</arg>
<arg>${API_Base_Endpoint}</arg>
<doc>Create Session: create a HTTP session to a server</doc>
<msg timestamp="20211021 15:36:24.606" level="INFO">Creating Session using : alias=Api_Testing, url=https://hv-services.euw1-1.dev.livin.digital.engie.com/livin-hv-services/referential/api/v2/tenants, headers={},                     cookies={}, auth=None, timeout=None, proxies=None, verify=False,                     debug=0 </msg>
<status status="PASS" starttime="20211021 15:36:24.606" endtime="20211021 15:36:24.606"/>
</kw>
<kw name="GET On Session" library="RequestsLibrary">
<var>${Get_Response}</var>
<arg>Api_Testing</arg>
<arg>${API_Base_Endpoint}</arg>
<doc>Sends a GET request on a previously created HTTP Session.</doc>
<msg timestamp="20211021 15:36:24.817" level="INFO">GET Request : url=https://hv-services.euw1-1.dev.livin.digital.engie.com/livin-hv-services/referential/api/v2/tenants 
 path_url=/livin-hv-services/referential/api/v2/tenants 
 headers={'User-Agent': 'python-requests/2.26.0', 'Accept-Encoding': 'gzip, deflate', 'Accept': '*/*', 'Connection': 'keep-alive'} 
 body=None 
 </msg>
<msg timestamp="20211021 15:36:24.817" level="INFO">GET Response : url=https://hv-services.euw1-1.dev.livin.digital.engie.com/livin-hv-services/referential/api/v2/tenants 
 status=200, reason= 
 headers={'Date': 'Thu, 21 Oct 2021 13:36:33 GMT', 'Content-Type': 'application/json;charset=UTF-8', 'Transfer-Encoding': 'chunked', 'Connection': 'keep-alive', 'Access-Control-Expose-Headers': '', 'Access-Control-Allow-Origin': '*', 'Access-Control-Allow-Methods': 'GET', 'Access-Control-Allow-Headers': 'authorization,Access-Control-Allow-Origin,Content-Type,SOAPAction,apikey,Tenant,Authorization'} 
 body={"list":[{"uid":"77b85e8d-47bf-450f-a055-9b7181dc77db","name":"La Baule-Escoublac","geometry":{"geometry":"POLYGON ((-2.4312400817871094 47.274504901208985, -2.319660186767578 47.24427960201268, -2.2800064086914062 47.29907435391959, -2.423686981201172 47.31455539636943, -2.4312400817871094 47.274504901208985))"},"defaultLocale":"fr_FR","defaultTimezone":"Europe/Paris","urlPrefix":"labaule","verticals":[],"properties":[{"name":"TENANT_DEFAULT_LANGUAGE","value":"fr-FR"},{"name":"OIDC_SETTINGS_URL","value":"{\"issuer\":\"https://hv-services.euw1-1.dev.livin.digital.engie.com\",\"authorizeUrl\":\"https://hv-services.euw1-1.dev.livin.digital.engie.com/oauth2/authorize\",\"tokenUrl\":\"https://hv-services.euw1-1.dev.livin.digital.engie.com/token\",\"userInfoUrl\":\"https://hv-services.euw1-1.dev.livin.digital.engie.com/userinfo\",\"revocationUrl\":\"https://hv-services.euw1-1.dev.livin.digital.engie.com/oauth2/revocation\",\"introspectUrl\":\"https://hv-services.euw1-1.dev.livin.digital.engie.com/oauth2/introspect\",\"logoutUrl\":\"https://hv-services.euw1-1.dev.livin.digital.engie.com/oidc/logout\",\"jwksUrl\":\"https://hv-services.euw1-1.dev.livin.digital.engie.com/livin-hv-services/oauth2/jwks\"}"},{"name":"TENANT_GIS_BING_MAPS_KEY","value":"ApEsb9bOfoogjk7z-gwgxPWAD_YvlMFiZNqCUMl_mQPBg3XOfuv6AK-2SGsrG6I0"},{"name":"TENANT_CMMS_ADRESS","value":"http://gmitgiis02:8000?root=NJ_MENU_LEFT_MAIN_REQUEST&amp;ZONE_PK=ATS&amp;MAX_DATE=#ticketStatusDate"},{"name":"TENANT_CMMS_ADRESS","value":"http://gmitgiis02:8000?root=NJ_MENU_LEFT_MAIN_REQUEST&amp;ZONE_PK=ATS&amp;MAX_DATE=#ticketStatusDate"},{"name":"TENANT_WSO2_DOMAIN","value":"mairie-labaule.fr"},{"name":"TENANT_WSO2_ADRESS","value":"https://hv-services.euw1-1.dev.livin.digital.engie.com"},{"name":"TENANT_OIDC_USERINFO_ADDRESS","value":"https://hv-services.euw1-1.dev.livin.digital.engie.com/userinfo?schema=openid"},{"name":"TENANT_GIS_BEARER","value":"eyJ0eXAiOiJKV1QiLCJhbGciOiJSUzI1NiIsIng1dCI6Ik5UZG1aak00WkRrM05qWTBZemM1TW1abU9EZ3dNVEUzTVdZd05ERTVNV1JsWkRnNE56YzRaQT09In0.eyJhdWQiOiJodHRwOlwvXC9vcmcud3NvMi5hcGltZ3RcL2dhdGV3YXkiLCJzdWIiOiJhZG1pbkBjYXJib24uc3VwZXIiLCJhcHBsaWNhdGlvbiI6eyJvd25lciI6ImFkbWluIiwidGllclF1b3RhVHlwZSI6InJlcXVlc3RDb3VudCIsInRpZXIiOiJVbmxpbWl0ZWQiLCJuYW1lIjoibGFiYXVsZSIsImlkIjoyLCJ1dWlkIjpudWxsfSwic2NvcGUiOiJhbV9hcHBsaWNhdGlvbl9zY29wZSBkZWZhdWx0IiwiaXNzIjoiaHR0cHM6XC9cL2h2LXNlcnZpY2VzLmV1dzEtMS5kZXYubGl2aW4uZGlnaXRhbC5lbmdpZS5jb206NDQzXC9vYXV0aDJcL3Rva2VuIiwidGllckluZm8iOnt9LCJrZXl0eXBlIjoiUFJPRFVDVElPTiIsInN1YnNjcmliZWRBUElzIjpbXSwiY29uc3VtZXJLZXkiOiJqQkU2YTZRWm05UnA4OEw4NXNlZVcwbmw1Q3NhIiwiZXhwIjoxNTk5MDU5MjM4LCJpYXQiOjE1OTkwNTU2MzgsImp0aSI6ImRhZjc3ZDczLTE2ZGMtNDQ5Yi05YjkxLWQ1MDQ2ODE1OGNhYiJ9.HvW1v5KvkslRHu3DDlw8PeVdzu82mtkeVkHWl2pQ_kl_4enN5uByWOJil14J-NbUM4Z_noTy0jTXhTe8HgTliSODnLpK83hYjPRYcOrqyUIVOpF8C8F_5Ca5lSquludQpQuPdnkDdLZf25wdpBUGo8ePV6eOtEbjFdmeUrVSUQOdJVutX5s91lbN5m2KD0zWjkQZexK9LNOir6gpM8sz4Vsf4cI6xfJPGRlYqqnvWstFlZUS70vvoULz0m1BacP3lzcYEMO7bR-PFofWUALtsXlhDK1nt4M4TH-7_aRHSKAIhpKHGhYZZHKlEOmJWJjME6oAb_Y6lAVsdShwXLkQCg"},{"name":"TENANT_WSO2_CLIENT_ID","value":"jBE6a6QZm9Rp88L85seeW0nl5Csa"},{"name":"TENANT_SHORTNAME","value":"La Baule"},{"name":"TENANT_GIS_WS_ADDRESS","value":"wss://sce-services.euw1.dev.livin.digital.engie.com/ws"},{"name":"TENANT_GIS_API","value":"https://sce-services.euw1.dev.livin.digital.engie.com"}]},{"uid":"1d56e3fb-74f8-4a0c-a94e-7482f2f24938","name":"ALM","geometry":{"geometry":"POLYGON ((-0.798271 47.672123, -0.222148 47.672123, -0.222148 47.313042, -0.798271 47.313042, -0.798271 47.672123))"},"defaultLocale":"fr-FR","defaultTimezone":"Europe/Paris","urlPrefix":"angersloiremetropole","verticals":[],"properties":[{"name":"TENANT_GIS_BING_MAPS_KEY","value":"ApEsb9bOfoogjk7z-gwgxPWAD_YvlMFiZNqCUMl_mQPBg3XOfuv6AK-2SGsrG6I0"},{"name":"TENANT_GIS_WS_ADDRESS","value":"wss://sce-services.euw1.dev.livin.digital.engie.com/ws"},{"name":"TENANT_SHORTNAME","value":"ALM"},{"name":"TENANT_WSO2_CLIENT_ID","value":"5SGjPDKpOpDVuPw78kejLrsvXd0a"},{"name":"THIRD_PARTIES","value":"[{\"type\":\"DIGITAL_TWIN\", \"name\":\"SCE Web\",\"role\": \"ADMINISTRATOR_SCE_WEB\",\"item\":\"GENERAL.LABELS.MAP_EDITOR_LABEL\",\"url\":\"http://mc3d-webapp.integ.k8s?tenant=1d56e3fb-74f8-4a0c-a94e-7482f2f24938\"}]"},{"name":"TENANT_GIS_API","value":"https://sce-services.euw1.dev.livin.digital.engie.com"},{"name":"TENANT_GIS_BEARER","value":"eyJ0eXAiOiJKV1QiLCJhbGciOiJSUzI1NiIsIng1dCI6Ik5UZG1aak00WkRrM05qWTBZemM1TW1abU9EZ3dNVEUzTVdZd05ERTVNV1JsWkRnNE56YzRaQT09In0.eyJhdWQiOiJodHRwOlwvXC9vcmcud3NvMi5hcGltZ3RcL2dhdGV3YXkiLCJzdWIiOiJhZG1pbkBjYXJib24uc3VwZXIiLCJhcHBsaWNhdGlvbiI6eyJvd25lciI6ImFkbWluIiwidGllclF1b3RhVHlwZSI6InJlcXVlc3RDb3VudCIsInRpZXIiOiJVbmxpbWl0ZWQiLCJuYW1lIjoibGFiYXVsZSIsImlkIjoyLCJ1dWlkIjpudWxsfSwic2NvcGUiOiJhbV9hcHBsaWNhdGlvbl9zY29wZSBkZWZhdWx0IiwiaXNzIjoiaHR0cHM6XC9cL2h2LXNlcnZpY2VzLmV1dzEtMS5kZXYubGl2aW4uZGlnaXRhbC5lbmdpZS5jb206NDQzXC9vYXV0aDJcL3Rva2VuIiwidGllckluZm8iOnt9LCJrZXl0eXBlIjoiUFJPRFVDVElPTiIsInN1YnNjcmliZWRBUElzIjpbXSwiY29uc3VtZXJLZXkiOiJqQkU2YTZRWm05UnA4OEw4NXNlZVcwbmw1Q3NhIiwiZXhwIjoxNTk5MDU5MjM4LCJpYXQiOjE1OTkwNTU2MzgsImp0aSI6ImRhZjc3ZDczLTE2ZGMtNDQ5Yi05YjkxLWQ1MDQ2ODE1OGNhYiJ9.HvW1v5KvkslRHu3DDlw8PeVdzu82mtkeVkHWl2pQ_kl_4enN5uByWOJil14J-NbUM4Z_noTy0jTXhTe8HgTliSODnLpK83hYjPRYcOrqyUIVOpF8C8F_5Ca5lSquludQpQuPdnkDdLZf25wdpBUGo8ePV6eOtEbjFdmeUrVSUQOdJVutX5s91lbN5m2KD0zWjkQZexK9LNOir6gpM8sz4Vsf4cI6xfJPGRlYqqnvWstFlZUS70vvoULz0m1BacP3lzcYEMO7bR-PFofWUALtsXlhDK1nt4M4TH-7_aRHSKAIhpKHGhYZZHKlEOmJWJjME6oAb_Y6lAVsdShwXLkQCg"},{"name":"TENANT_WSO2_ADRESS","value":"https://hv-services.euw1-1.dev.livin.digital.engie.com"},{"name":"TENANT_OIDC_USERINFO_ADDRESS","value":"https://hv-services.euw1-1.dev.livin.digital.engie.com/userinfo?schema=openid"},{"name":"TENANT_DEFAULT_LANGUAGE","value":"fr-FR"},{"name":"TENANT_WSO2_DOMAIN","value":"angersloiremetropole.fr"},{"name":"OIDC_SETTINGS_URL","value":"{\"issuer\":\"https://hv-services.euw1-1.dev.livin.digital.engie.com\",\"authorizeUrl\":\"https://hv-services.euw1-1.dev.livin.digital.engie.com/oauth2/authorize\",\"tokenUrl\":\"https://hv-services.euw1-1.dev.livin.digital.engie.com/token\",\"userInfoUrl\":\"https://hv-services.euw1-1.dev.livin.digital.engie.com/userinfo\",\"revocationUrl\":\"https://hv-services.euw1-1.dev.livin.digital.engie.com/oauth2/revocation\",\"introspectUrl\":\"https://hv-services.euw1-1.dev.livin.digital.engie.com/oauth2/introspect\",\"logoutUrl\":\"https://hv-services.euw1-1.dev.livin.digital.engie.com/oidc/logout\",\"jwksUrl\":\"https://hv-services.euw1-1.dev.livin.digital.engie.com/livin-hv-services/oauth2/jwks\"}"}]},{"uid":"538cad3f-d0d5-4a80-814a-6bb547636a9e","name":"NIMES","geometry":{"geometry":"POLYGON ((4.2 43.98, 4.56 43.98, 4.56 43.66, 4.2 43.66, 4.2 43.98))"},"defaultLocale":"fr_FR","defaultTimezone":"Europe/Paris","urlPrefix":"nimes","verticals":[],"properties":[{"name":"OIDC_SETTINGS_URL","value":"{\"issuer\":\"https://hv-services.euw1-1.dev.livin.digital.engie.com\",\"authorizeUrl\":\"https://hv-services.euw1-1.dev.livin.digital.engie.com/oauth2/authorize\",\"tokenUrl\":\"https://hv-services.euw1-1.dev.livin.digital.engie.com/token\",\"userInfoUrl\":\"https://hv-services.euw1-1.dev.livin.digital.engie.com/userinfo\",\"revocationUrl\":\"https://hv-services.euw1-1.dev.livin.digital.engie.com/oauth2/revocation\",\"introspectUrl\":\"https://hv-services.euw1-1.dev.livin.digital.engie.com/oauth2/introspect\",\"logoutUrl\":\"https://hv-services.euw1-1.dev.livin.digital.engie.com/oidc/logout\",\"jwksUrl\":\"https://hv-services.euw1-1.dev.livin.digital.engie.com/livin-hv-services/oauth2/jwks\"}"},{"name":"TENANT_GIS_WS_ADDRESS","value":"wss://sce-services.euw1.dev.livin.digital.engie.com/ws"},{"name":"TENANT_GIS_BING_MAPS_KEY","value":"ApEsb9bOfoogjk7z-gwgxPWAD_YvlMFiZNqCUMl_mQPBg3XOfuv6AK-2SGsrG6I0"},{"name":"TENANT_WSO2_CLIENT_ID","value":"PAnWhfb2FW5pqmwuL31ca6CXfiAa"},{"name":"TENANT_GIS_API","value":"https://sce-services.euw1.dev.livin.digital.engie.com"},{"name":"TENANT_WSO2_ADRESS","value":"https://hv-services.euw1-1.dev.livin.digital.engie.com"},{"name":"TENANT_SHORTNAME","value":"Nimes"},{"name":"TENANT_WSO2_DOMAIN","value":"nimes.fr"},{"name":"TENANT_OIDC_USERINFO_ADDRESS","value":"https://hv-services.euw1-1.dev.livin.digital.engie.com/userinfo?schema=openid"},{"name":"TENANT_DEFAULT_LANGUAGE","value":"fr-FR"},{"name":"TENANT_GIS_BEARER","value":"eyJ0eXAiOiJKV1QiLCJhbGciOiJSUzI1NiIsIng1dCI6Ik5UZG1aak00WkRrM05qWTBZemM1TW1abU9EZ3dNVEUzTVdZd05ERTVNV1JsWkRnNE56YzRaQT09In0.eyJhdWQiOiJodHRwOlwvXC9vcmcud3NvMi5hcGltZ3RcL2dhdGV3YXkiLCJzdWIiOiJhZG1pbkBjYXJib24uc3VwZXIiLCJhcHBsaWNhdGlvbiI6eyJvd25lciI6ImFkbWluIiwidGllclF1b3RhVHlwZSI6InJlcXVlc3RDb3VudCIsInRpZXIiOiJVbmxpbWl0ZWQiLCJuYW1lIjoibGFiYXVsZSIsImlkIjoyLCJ1dWlkIjpudWxsfSwic2NvcGUiOiJhbV9hcHBsaWNhdGlvbl9zY29wZSBkZWZhdWx0IiwiaXNzIjoiaHR0cHM6XC9cL2h2LXNlcnZpY2VzLmV1dzEtMS5kZXYubGl2aW4uZGlnaXRhbC5lbmdpZS5jb206NDQzXC9vYXV0aDJcL3Rva2VuIiwidGllckluZm8iOnt9LCJrZXl0eXBlIjoiUFJPRFVDVElPTiIsInN1YnNjcmliZWRBUElzIjpbXSwiY29uc3VtZXJLZXkiOiJqQkU2YTZRWm05UnA4OEw4NXNlZVcwbmw1Q3NhIiwiZXhwIjoxNTk5MDU5MjM4LCJpYXQiOjE1OTkwNTU2MzgsImp0aSI6ImRhZjc3ZDczLTE2ZGMtNDQ5Yi05YjkxLWQ1MDQ2ODE1OGNhYiJ9.HvW1v5KvkslRHu3DDlw8PeVdzu82mtkeVkHWl2pQ_kl_4enN5uByWOJil14J-NbUM4Z_noTy0jTXhTe8HgTliSODnLpK83hYjPRYcOrqyUIVOpF8C8F_5Ca5lSquludQpQuPdnkDdLZf25wdpBUGo8ePV6eOtEbjFdmeUrVSUQOdJVutX5s91lbN5m2KD0zWjkQZexK9LNOir6gpM8sz4Vsf4cI6xfJPGRlYqqnvWstFlZUS70vvoULz0m1BacP3lzcYEMO7bR-PFofWUALtsXlhDK1nt4M4TH-7_aRHSKAIhpKHGhYZZHKlEOmJWJjME6oAb_Y6lAVsdShwXLkQCg"}]},{"uid":"14c3f713-2e7e-45a1-959f-77d8b0949204","name":"LOCAL_TBY","geometry":{"geometry":"POINT (10 10)"},"defaultLocale":"fr_FR","defaultTimezone":null,"urlPrefix":"tby","verticals":[],"properties":[{"name":"TENANT_WSO2_CLIENT_ID","value":"6B7I5OrIEUQmWCfrBjKcn8JSdYAa"},{"name":"OIDC_SETTINGS_URL","value":"{\"issuer\":\"https://hv-services.euw1-1.dev.livin.digital.engie.com\",\"authorizeUrl\":\"https://hv-services.euw1-1.dev.livin.digital.engie.com/oauth2/authorize\",\"tokenUrl\":\"https://hv-services.euw1-1.d... (set the log level to DEBUG or TRACE to see the full content) 
 </msg>
<msg timestamp="20211021 15:36:24.818" level="INFO">/Library/Frameworks/Python.framework/Versions/3.10/lib/python3.10/site-packages/urllib3/connectionpool.py:1013: InsecureRequestWarning: Unverified HTTPS request is being made to host 'hv-services.euw1-1.dev.livin.digital.engie.com'. Adding certificate verification is strongly advised. See: https://urllib3.readthedocs.io/en/1.26.x/advanced-usage.html#ssl-warnings
  warnings.warn(</msg>
<msg timestamp="20211021 15:36:24.818" level="INFO">${Get_Response} = &lt;Response [200]&gt;</msg>
<status status="PASS" starttime="20211021 15:36:24.607" endtime="20211021 15:36:24.818"/>
</kw>
<kw name="Log To Console" library="BuiltIn">
<arg>${Get_Response.status_code}</arg>
<doc>Logs the given message to the console.</doc>
<status status="PASS" starttime="20211021 15:36:24.819" endtime="20211021 15:36:24.820"/>
</kw>
<kw name="Log To Console" library="BuiltIn">
<arg>${Get_Response.content}</arg>
<doc>Logs the given message to the console.</doc>
<status status="PASS" starttime="20211021 15:36:24.820" endtime="20211021 15:36:24.857"/>
</kw>
<kw name="Convert To String" library="BuiltIn">
<var>${statusCode}</var>
<arg>${Get_Response.status_code}</arg>
<doc>Converts the given item to a Unicode string.</doc>
<msg timestamp="20211021 15:36:24.858" level="INFO">${statusCode} = 200</msg>
<status status="PASS" starttime="20211021 15:36:24.858" endtime="20211021 15:36:24.858"/>
</kw>
<kw name="Should Be Equal" library="BuiltIn">
<arg>${statusCode}</arg>
<arg>200</arg>
<doc>Fails if the given objects are unequal.</doc>
<status status="PASS" starttime="20211021 15:36:24.859" endtime="20211021 15:36:24.859"/>
</kw>
<status status="PASS" starttime="20211021 15:36:24.605" endtime="20211021 15:36:24.859"/>
</test>
<status status="PASS" starttime="20211021 15:36:24.540" endtime="20211021 15:36:24.860"/>
</suite>
<statistics>
<total>
<stat pass="1" fail="0" skip="0">All Tests</stat>
</total>
<tag>
</tag>
<suite>
<stat pass="1" fail="0" skip="0" id="s1" name="TC001 GetRequest">TC001 GetRequest</stat>
</suite>
</statistics>
<errors>
</errors>
</robot>
